2025-06-08 02:53:18,928 - INFO - WebDriver initialized
2025-06-08 02:53:19,597 - INFO - Opened login page
2025-06-08 02:53:20,669 - INFO - Selected Demo account tab
2025-06-08 02:53:20,772 - INFO - Entered credentials
2025-06-08 02:53:20,929 - INFO - Screenshot saved to screenshots\login_credentials_entered_20250608-025320.png
2025-06-08 02:53:20,979 - INFO - Clicked sign in button
2025-06-08 02:53:25,444 - INFO - Login successful!
2025-06-08 02:53:25,582 - INFO - Screenshot saved to screenshots\login_successful_20250608-025325.png
2025-06-08 02:53:25,582 - INFO - Attempt 1 to select instrument: DASHUSD.std
2025-06-08 02:53:26,613 - INFO - Instrument DASHUSD.std is already selected.
2025-06-08 02:53:26,779 - INFO - Screenshot saved to screenshots\instrument_already_selected_DASHUSD.std_20250608-025326.png
2025-06-08 02:53:26,779 - INFO - --- Starting Buy Order Test ---
2025-06-08 02:53:26,779 - INFO - Attempting to place Buy order for DASHUSD.std...
2025-06-08 02:53:26,828 - INFO - Selected Buy side
2025-06-08 02:53:26,943 - INFO - Set order size to 0.01
2025-06-08 02:53:27,048 - INFO - Set [data-testid='trade-input-stoploss-points'] to 200
2025-06-08 02:53:27,145 - INFO - Set [data-testid='trade-input-takeprofit-points'] to 200
2025-06-08 02:53:27,206 - INFO - Clicked Place Buy Order button
2025-06-08 02:53:27,380 - INFO - Screenshot saved to screenshots\place_buy_order_clicked_20250608-025327.png
2025-06-08 02:53:27,435 - INFO - Confirmed Buy order in dialog
2025-06-08 02:53:27,570 - INFO - Screenshot saved to screenshots\confirm_buy_dialog_clicked_20250608-025327.png
2025-06-08 02:53:28,086 - INFO - 'Market Order Submitted' notification found for Buy order.
2025-06-08 02:53:28,230 - INFO - Screenshot saved to screenshots\buy_order_notification_success_20250608-025328.png
2025-06-08 02:53:28,231 - INFO - Verifying Buy order in positions table...
2025-06-08 02:53:28,835 - INFO - Navigated to Open Positions tab
2025-06-08 02:53:28,999 - INFO - Screenshot saved to screenshots\navigated_to_positions_tab_20250608-025328.png
2025-06-08 02:53:31,548 - INFO - Navigated to Open Positions tab
2025-06-08 02:53:31,652 - INFO - Screenshot saved to screenshots\navigated_to_positions_tab_20250608-025331.png
2025-06-08 02:53:31,680 - INFO - Found 25 row elements in 'Open Positions' table body for parsing.
2025-06-08 02:53:31,711 - INFO - Parsed position (row 1): {'instrument_for_verification': 'DASHUSD.std', 'order_no': '-0.17', 'type': '0.01', 'profit_loss': '0.1', 'size': '22.46', 'units': '20.76'}
2025-06-08 02:53:31,739 - INFO - Parsed position (row 2): {'instrument_for_verification': 'DASHUSD.std', 'order_no': '-0.17', 'type': '0.01', 'profit_loss': '0.1', 'size': '20.79', 'units': '22.46'}
2025-06-08 02:53:31,767 - INFO - Parsed position (row 3): {'instrument_for_verification': 'DASHUSD.std', 'order_no': '-0.17', 'type': '0.01', 'profit_loss': '0.1', 'size': '22.46', 'units': '20.76'}
2025-06-08 02:53:31,796 - INFO - Parsed position (row 4): {'instrument_for_verification': 'DASHUSD.std', 'order_no': '-0.17', 'type': '0.01', 'profit_loss': '0.1', 'size': '20.77', 'units': '22.46'}
2025-06-08 02:53:31,826 - INFO - Parsed position (row 5): {'instrument_for_verification': 'DASHUSD.std', 'order_no': '-0.17', 'type': '0.01', 'profit_loss': '0.1', 'size': '22.45', 'units': '20.76'}
2025-06-08 02:53:31,857 - INFO - Parsed position (row 6): {'instrument_for_verification': 'DASHUSD.std', 'order_no': '-0.17', 'type': '0.01', 'profit_loss': '0.1', 'size': '20.78', 'units': '22.46'}
2025-06-08 02:53:31,887 - INFO - Parsed position (row 7): {'instrument_for_verification': 'DASHUSD.std', 'order_no': '-0.17', 'type': '0.01', 'profit_loss': '0.1', 'size': '22.47', 'units': '20.76'}
2025-06-08 02:53:31,917 - INFO - Parsed position (row 8): {'instrument_for_verification': 'DASHUSD.std', 'order_no': '-0.17', 'type': '0.01', 'profit_loss': '0.1', 'size': '20.75', 'units': '22.46'}
2025-06-08 02:53:31,948 - INFO - Parsed position (row 9): {'instrument_for_verification': 'DASHUSD.std', 'order_no': '-0.17', 'type': '0.01', 'profit_loss': '0.1', 'size': '22.45', 'units': '20.76'}
2025-06-08 02:53:31,981 - INFO - Parsed position (row 10): {'instrument_for_verification': 'DASHUSD.std', 'order_no': '-0.17', 'type': '0.01', 'profit_loss': '0.1', 'size': '20.79', 'units': '22.46'}
2025-06-08 02:53:32,014 - INFO - Parsed position (row 11): {'instrument_for_verification': 'DASHUSD.std', 'order_no': '-0.17', 'type': '0.01', 'profit_loss': '0.1', 'size': '22.50', 'units': '20.76'}
2025-06-08 02:53:32,045 - INFO - Parsed position (row 12): {'instrument_for_verification': 'DASHUSD.std', 'order_no': '-0.17', 'type': '0.01', 'profit_loss': '0.1', 'size': '20.79', 'units': '22.46'}
2025-06-08 02:53:32,077 - INFO - Parsed position (row 13): {'instrument_for_verification': 'DASHUSD.std', 'order_no': '-0.17', 'type': '0.01', 'profit_loss': '0.1', 'size': '22.48', 'units': '20.76'}
2025-06-08 02:53:32,108 - INFO - Parsed position (row 14): {'instrument_for_verification': 'DASHUSD.std', 'order_no': '-0.17', 'type': '0.01', 'profit_loss': '0.1', 'size': '20.76', 'units': '22.46'}
2025-06-08 02:53:32,137 - INFO - Parsed position (row 15): {'instrument_for_verification': 'DASHUSD.std', 'order_no': '-0.17', 'type': '0.01', 'profit_loss': '0.1', 'size': '22.45', 'units': '20.76'}
2025-06-08 02:53:32,167 - INFO - Parsed position (row 16): {'instrument_for_verification': 'DASHUSD.std', 'order_no': '-0.17', 'type': '0.01', 'profit_loss': '0.1', 'size': '20.76', 'units': '22.46'}
2025-06-08 02:53:32,197 - INFO - Parsed position (row 17): {'instrument_for_verification': 'DASHUSD.std', 'order_no': '-0.17', 'type': '0.01', 'profit_loss': '0.1', 'size': '22.45', 'units': '20.76'}
2025-06-08 02:53:32,244 - INFO - Parsed position (row 18): {'instrument_for_verification': 'DASHUSD.std', 'order_no': '-0.17', 'type': '0.01', 'profit_loss': '0.1', 'size': '20.74', 'units': '22.46'}
2025-06-08 02:53:32,273 - INFO - Parsed position (row 19): {'instrument_for_verification': 'DASHUSD.std', 'order_no': '-0.17', 'type': '0.01', 'profit_loss': '0.1', 'size': '22.44', 'units': '20.76'}
2025-06-08 02:53:32,303 - INFO - Parsed position (row 20): {'instrument_for_verification': 'DASHUSD.std', 'order_no': '-0.17', 'type': '0.01', 'profit_loss': '0.1', 'size': '20.74', 'units': '22.46'}
2025-06-08 02:53:32,334 - INFO - Parsed position (row 21): {'instrument_for_verification': 'DASHUSD.std', 'order_no': '-0.18', 'type': '0.01', 'profit_loss': '0.1', 'size': '20.71', 'units': '22.46'}
2025-06-08 02:53:32,367 - INFO - Parsed position (row 22): {'instrument_for_verification': 'DASHUSD.std', 'order_no': '-0.18', 'type': '0.01', 'profit_loss': '0.1', 'size': '20.70', 'units': '22.46'}
2025-06-08 02:53:32,395 - INFO - Parsed position (row 23): {'instrument_for_verification': 'DASHUSD.std', 'order_no': '-0.17', 'type': '0.01', 'profit_loss': '0.1', 'size': '20.73', 'units': '22.46'}
2025-06-08 02:53:32,430 - INFO - Parsed position (row 24): {'instrument_for_verification': 'DASHUSD.std', 'order_no': '-0.17', 'type': '0.01', 'profit_loss': '0.1', 'size': '20.75', 'units': '22.46'}
2025-06-08 02:53:32,457 - INFO - Parsed position (row 25): {'instrument_for_verification': 'DASHUSD.std', 'order_no': '-0.17', 'type': '0.01', 'profit_loss': '0.1', 'size': '22.44', 'units': '20.76'}
2025-06-08 02:53:32,457 - INFO - Successfully parsed 25 open positions from table.
2025-06-08 02:53:32,566 - INFO - Screenshot saved to screenshots\open_positions_parsed_final_state_20250608-025332.png
2025-06-08 02:53:32,566 - ERROR - Buy order for DASHUSD.std NOT found in positions table. Positions: [{'instrument_for_verification': 'DASHUSD.std', 'order_no': '-0.17', 'type': '0.01', 'profit_loss': '0.1', 'size': '22.46', 'units': '20.76'}, {'instrument_for_verification': 'DASHUSD.std', 'order_no': '-0.17', 'type': '0.01', 'profit_loss': '0.1', 'size': '20.79', 'units': '22.46'}, {'instrument_for_verification': 'DASHUSD.std', 'order_no': '-0.17', 'type': '0.01', 'profit_loss': '0.1', 'size': '22.46', 'units': '20.76'}, {'instrument_for_verification': 'DASHUSD.std', 'order_no': '-0.17', 'type': '0.01', 'profit_loss': '0.1', 'size': '20.77', 'units': '22.46'}, {'instrument_for_verification': 'DASHUSD.std', 'order_no': '-0.17', 'type': '0.01', 'profit_loss': '0.1', 'size': '22.45', 'units': '20.76'}, {'instrument_for_verification': 'DASHUSD.std', 'order_no': '-0.17', 'type': '0.01', 'profit_loss': '0.1', 'size': '20.78', 'units': '22.46'}, {'instrument_for_verification': 'DASHUSD.std', 'order_no': '-0.17', 'type': '0.01', 'profit_loss': '0.1', 'size': '22.47', 'units': '20.76'}, {'instrument_for_verification': 'DASHUSD.std', 'order_no': '-0.17', 'type': '0.01', 'profit_loss': '0.1', 'size': '20.75', 'units': '22.46'}, {'instrument_for_verification': 'DASHUSD.std', 'order_no': '-0.17', 'type': '0.01', 'profit_loss': '0.1', 'size': '22.45', 'units': '20.76'}, {'instrument_for_verification': 'DASHUSD.std', 'order_no': '-0.17', 'type': '0.01', 'profit_loss': '0.1', 'size': '20.79', 'units': '22.46'}, {'instrument_for_verification': 'DASHUSD.std', 'order_no': '-0.17', 'type': '0.01', 'profit_loss': '0.1', 'size': '22.50', 'units': '20.76'}, {'instrument_for_verification': 'DASHUSD.std', 'order_no': '-0.17', 'type': '0.01', 'profit_loss': '0.1', 'size': '20.79', 'units': '22.46'}, {'instrument_for_verification': 'DASHUSD.std', 'order_no': '-0.17', 'type': '0.01', 'profit_loss': '0.1', 'size': '22.48', 'units': '20.76'}, {'instrument_for_verification': 'DASHUSD.std', 'order_no': '-0.17', 'type': '0.01', 'profit_loss': '0.1', 'size': '20.76', 'units': '22.46'}, {'instrument_for_verification': 'DASHUSD.std', 'order_no': '-0.17', 'type': '0.01', 'profit_loss': '0.1', 'size': '22.45', 'units': '20.76'}, {'instrument_for_verification': 'DASHUSD.std', 'order_no': '-0.17', 'type': '0.01', 'profit_loss': '0.1', 'size': '20.76', 'units': '22.46'}, {'instrument_for_verification': 'DASHUSD.std', 'order_no': '-0.17', 'type': '0.01', 'profit_loss': '0.1', 'size': '22.45', 'units': '20.76'}, {'instrument_for_verification': 'DASHUSD.std', 'order_no': '-0.17', 'type': '0.01', 'profit_loss': '0.1', 'size': '20.74', 'units': '22.46'}, {'instrument_for_verification': 'DASHUSD.std', 'order_no': '-0.17', 'type': '0.01', 'profit_loss': '0.1', 'size': '22.44', 'units': '20.76'}, {'instrument_for_verification': 'DASHUSD.std', 'order_no': '-0.17', 'type': '0.01', 'profit_loss': '0.1', 'size': '20.74', 'units': '22.46'}, {'instrument_for_verification': 'DASHUSD.std', 'order_no': '-0.18', 'type': '0.01', 'profit_loss': '0.1', 'size': '20.71', 'units': '22.46'}, {'instrument_for_verification': 'DASHUSD.std', 'order_no': '-0.18', 'type': '0.01', 'profit_loss': '0.1', 'size': '20.70', 'units': '22.46'}, {'instrument_for_verification': 'DASHUSD.std', 'order_no': '-0.17', 'type': '0.01', 'profit_loss': '0.1', 'size': '20.73', 'units': '22.46'}, {'instrument_for_verification': 'DASHUSD.std', 'order_no': '-0.17', 'type': '0.01', 'profit_loss': '0.1', 'size': '20.75', 'units': '22.46'}, {'instrument_for_verification': 'DASHUSD.std', 'order_no': '-0.17', 'type': '0.01', 'profit_loss': '0.1', 'size': '22.44', 'units': '20.76'}]
2025-06-08 02:53:32,683 - INFO - Screenshot saved to screenshots\buy_order_verification_failed_in_table_20250608-025332.png
2025-06-08 02:53:32,684 - WARNING - Notification was seen, but order not in table. Potential UI/backend sync issue.
2025-06-08 02:53:32,684 - ERROR - Buy order placement or verification failed.
2025-06-08 02:53:35,685 - INFO - --- Starting Sell Order Test ---
2025-06-08 02:53:35,685 - INFO - Attempting to place Sell order for DASHUSD.std...
2025-06-08 02:53:35,733 - INFO - Selected Sell side
2025-06-08 02:53:35,853 - INFO - Set order size to 0.01
2025-06-08 02:53:35,948 - INFO - Set [data-testid='trade-input-stoploss-points'] to 200
2025-06-08 02:53:36,040 - INFO - Set [data-testid='trade-input-takeprofit-points'] to 200
2025-06-08 02:53:36,096 - INFO - Clicked Place Sell Order button
2025-06-08 02:53:36,222 - INFO - Screenshot saved to screenshots\place_sell_order_clicked_20250608-025336.png
2025-06-08 02:53:36,274 - INFO - Confirmed Sell order in dialog
2025-06-08 02:53:36,437 - INFO - Screenshot saved to screenshots\confirm_sell_dialog_clicked_20250608-025336.png
2025-06-08 02:53:36,953 - INFO - 'Market Order Submitted' notification found for Sell order.
2025-06-08 02:53:37,090 - INFO - Screenshot saved to screenshots\sell_order_notification_success_20250608-025336.png
2025-06-08 02:53:37,090 - INFO - Verifying Sell order in positions table...
2025-06-08 02:53:37,648 - INFO - Navigated to Open Positions tab
2025-06-08 02:53:37,820 - INFO - Screenshot saved to screenshots\navigated_to_positions_tab_20250608-025337.png
2025-06-08 02:53:40,368 - INFO - Navigated to Open Positions tab
2025-06-08 02:53:40,481 - INFO - Screenshot saved to screenshots\navigated_to_positions_tab_20250608-025340.png
2025-06-08 02:53:40,503 - INFO - Found 26 row elements in 'Open Positions' table body for parsing.
2025-06-08 02:53:40,531 - INFO - Parsed position (row 1): {'instrument_for_verification': 'DASHUSD.std', 'order_no': '-0.17', 'type': '0.01', 'profit_loss': '0.1', 'size': '20.76', 'units': '22.46'}
2025-06-08 02:53:40,557 - INFO - Parsed position (row 2): {'instrument_for_verification': 'DASHUSD.std', 'order_no': '-0.17', 'type': '0.01', 'profit_loss': '0.1', 'size': '22.46', 'units': '20.76'}
2025-06-08 02:53:40,585 - INFO - Parsed position (row 3): {'instrument_for_verification': 'DASHUSD.std', 'order_no': '-0.17', 'type': '0.01', 'profit_loss': '0.1', 'size': '20.79', 'units': '22.46'}
2025-06-08 02:53:40,613 - INFO - Parsed position (row 4): {'instrument_for_verification': 'DASHUSD.std', 'order_no': '-0.17', 'type': '0.01', 'profit_loss': '0.1', 'size': '22.46', 'units': '20.76'}
2025-06-08 02:53:40,641 - INFO - Parsed position (row 5): {'instrument_for_verification': 'DASHUSD.std', 'order_no': '-0.17', 'type': '0.01', 'profit_loss': '0.1', 'size': '20.77', 'units': '22.46'}
2025-06-08 02:53:40,670 - INFO - Parsed position (row 6): {'instrument_for_verification': 'DASHUSD.std', 'order_no': '-0.17', 'type': '0.01', 'profit_loss': '0.1', 'size': '22.45', 'units': '20.76'}
2025-06-08 02:53:40,698 - INFO - Parsed position (row 7): {'instrument_for_verification': 'DASHUSD.std', 'order_no': '-0.17', 'type': '0.01', 'profit_loss': '0.1', 'size': '20.78', 'units': '22.46'}
2025-06-08 02:53:40,726 - INFO - Parsed position (row 8): {'instrument_for_verification': 'DASHUSD.std', 'order_no': '-0.17', 'type': '0.01', 'profit_loss': '0.1', 'size': '22.47', 'units': '20.76'}
2025-06-08 02:53:40,753 - INFO - Parsed position (row 9): {'instrument_for_verification': 'DASHUSD.std', 'order_no': '-0.17', 'type': '0.01', 'profit_loss': '0.1', 'size': '20.75', 'units': '22.46'}
2025-06-08 02:53:40,780 - INFO - Parsed position (row 10): {'instrument_for_verification': 'DASHUSD.std', 'order_no': '-0.17', 'type': '0.01', 'profit_loss': '0.1', 'size': '22.45', 'units': '20.76'}
2025-06-08 02:53:40,809 - INFO - Parsed position (row 11): {'instrument_for_verification': 'DASHUSD.std', 'order_no': '-0.17', 'type': '0.01', 'profit_loss': '0.1', 'size': '20.79', 'units': '22.46'}
2025-06-08 02:53:40,836 - INFO - Parsed position (row 12): {'instrument_for_verification': 'DASHUSD.std', 'order_no': '-0.17', 'type': '0.01', 'profit_loss': '0.1', 'size': '22.50', 'units': '20.76'}
2025-06-08 02:53:40,865 - INFO - Parsed position (row 13): {'instrument_for_verification': 'DASHUSD.std', 'order_no': '-0.17', 'type': '0.01', 'profit_loss': '0.1', 'size': '20.79', 'units': '22.46'}
2025-06-08 02:53:40,893 - INFO - Parsed position (row 14): {'instrument_for_verification': 'DASHUSD.std', 'order_no': '-0.17', 'type': '0.01', 'profit_loss': '0.1', 'size': '22.48', 'units': '20.76'}
2025-06-08 02:53:40,920 - INFO - Parsed position (row 15): {'instrument_for_verification': 'DASHUSD.std', 'order_no': '-0.17', 'type': '0.01', 'profit_loss': '0.1', 'size': '20.76', 'units': '22.46'}
2025-06-08 02:53:40,948 - INFO - Parsed position (row 16): {'instrument_for_verification': 'DASHUSD.std', 'order_no': '-0.17', 'type': '0.01', 'profit_loss': '0.1', 'size': '22.45', 'units': '20.76'}
2025-06-08 02:53:40,976 - INFO - Parsed position (row 17): {'instrument_for_verification': 'DASHUSD.std', 'order_no': '-0.17', 'type': '0.01', 'profit_loss': '0.1', 'size': '20.76', 'units': '22.46'}
2025-06-08 02:53:41,015 - INFO - Parsed position (row 18): {'instrument_for_verification': 'DASHUSD.std', 'order_no': '-0.17', 'type': '0.01', 'profit_loss': '0.1', 'size': '22.45', 'units': '20.76'}
2025-06-08 02:53:41,043 - INFO - Parsed position (row 19): {'instrument_for_verification': 'DASHUSD.std', 'order_no': '-0.17', 'type': '0.01', 'profit_loss': '0.1', 'size': '20.74', 'units': '22.46'}
2025-06-08 02:53:41,070 - INFO - Parsed position (row 20): {'instrument_for_verification': 'DASHUSD.std', 'order_no': '-0.17', 'type': '0.01', 'profit_loss': '0.1', 'size': '22.44', 'units': '20.76'}
2025-06-08 02:53:41,100 - INFO - Parsed position (row 21): {'instrument_for_verification': 'DASHUSD.std', 'order_no': '-0.17', 'type': '0.01', 'profit_loss': '0.1', 'size': '20.74', 'units': '22.46'}
2025-06-08 02:53:41,129 - INFO - Parsed position (row 22): {'instrument_for_verification': 'DASHUSD.std', 'order_no': '-0.18', 'type': '0.01', 'profit_loss': '0.1', 'size': '20.71', 'units': '22.46'}
2025-06-08 02:53:41,157 - INFO - Parsed position (row 23): {'instrument_for_verification': 'DASHUSD.std', 'order_no': '-0.18', 'type': '0.01', 'profit_loss': '0.1', 'size': '20.70', 'units': '22.46'}
2025-06-08 02:53:41,185 - INFO - Parsed position (row 24): {'instrument_for_verification': 'DASHUSD.std', 'order_no': '-0.17', 'type': '0.01', 'profit_loss': '0.1', 'size': '20.73', 'units': '22.46'}
2025-06-08 02:53:41,214 - INFO - Parsed position (row 25): {'instrument_for_verification': 'DASHUSD.std', 'order_no': '-0.17', 'type': '0.01', 'profit_loss': '0.1', 'size': '20.75', 'units': '22.46'}
2025-06-08 02:53:41,242 - INFO - Parsed position (row 26): {'instrument_for_verification': 'DASHUSD.std', 'order_no': '-0.17', 'type': '0.01', 'profit_loss': '0.1', 'size': '22.44', 'units': '20.76'}
2025-06-08 02:53:41,243 - INFO - Successfully parsed 26 open positions from table.
2025-06-08 02:53:41,372 - INFO - Screenshot saved to screenshots\open_positions_parsed_final_state_20250608-025341.png
2025-06-08 02:53:41,372 - ERROR - Sell order for DASHUSD.std NOT found in positions table. Positions: [{'instrument_for_verification': 'DASHUSD.std', 'order_no': '-0.17', 'type': '0.01', 'profit_loss': '0.1', 'size': '20.76', 'units': '22.46'}, {'instrument_for_verification': 'DASHUSD.std', 'order_no': '-0.17', 'type': '0.01', 'profit_loss': '0.1', 'size': '22.46', 'units': '20.76'}, {'instrument_for_verification': 'DASHUSD.std', 'order_no': '-0.17', 'type': '0.01', 'profit_loss': '0.1', 'size': '20.79', 'units': '22.46'}, {'instrument_for_verification': 'DASHUSD.std', 'order_no': '-0.17', 'type': '0.01', 'profit_loss': '0.1', 'size': '22.46', 'units': '20.76'}, {'instrument_for_verification': 'DASHUSD.std', 'order_no': '-0.17', 'type': '0.01', 'profit_loss': '0.1', 'size': '20.77', 'units': '22.46'}, {'instrument_for_verification': 'DASHUSD.std', 'order_no': '-0.17', 'type': '0.01', 'profit_loss': '0.1', 'size': '22.45', 'units': '20.76'}, {'instrument_for_verification': 'DASHUSD.std', 'order_no': '-0.17', 'type': '0.01', 'profit_loss': '0.1', 'size': '20.78', 'units': '22.46'}, {'instrument_for_verification': 'DASHUSD.std', 'order_no': '-0.17', 'type': '0.01', 'profit_loss': '0.1', 'size': '22.47', 'units': '20.76'}, {'instrument_for_verification': 'DASHUSD.std', 'order_no': '-0.17', 'type': '0.01', 'profit_loss': '0.1', 'size': '20.75', 'units': '22.46'}, {'instrument_for_verification': 'DASHUSD.std', 'order_no': '-0.17', 'type': '0.01', 'profit_loss': '0.1', 'size': '22.45', 'units': '20.76'}, {'instrument_for_verification': 'DASHUSD.std', 'order_no': '-0.17', 'type': '0.01', 'profit_loss': '0.1', 'size': '20.79', 'units': '22.46'}, {'instrument_for_verification': 'DASHUSD.std', 'order_no': '-0.17', 'type': '0.01', 'profit_loss': '0.1', 'size': '22.50', 'units': '20.76'}, {'instrument_for_verification': 'DASHUSD.std', 'order_no': '-0.17', 'type': '0.01', 'profit_loss': '0.1', 'size': '20.79', 'units': '22.46'}, {'instrument_for_verification': 'DASHUSD.std', 'order_no': '-0.17', 'type': '0.01', 'profit_loss': '0.1', 'size': '22.48', 'units': '20.76'}, {'instrument_for_verification': 'DASHUSD.std', 'order_no': '-0.17', 'type': '0.01', 'profit_loss': '0.1', 'size': '20.76', 'units': '22.46'}, {'instrument_for_verification': 'DASHUSD.std', 'order_no': '-0.17', 'type': '0.01', 'profit_loss': '0.1', 'size': '22.45', 'units': '20.76'}, {'instrument_for_verification': 'DASHUSD.std', 'order_no': '-0.17', 'type': '0.01', 'profit_loss': '0.1', 'size': '20.76', 'units': '22.46'}, {'instrument_for_verification': 'DASHUSD.std', 'order_no': '-0.17', 'type': '0.01', 'profit_loss': '0.1', 'size': '22.45', 'units': '20.76'}, {'instrument_for_verification': 'DASHUSD.std', 'order_no': '-0.17', 'type': '0.01', 'profit_loss': '0.1', 'size': '20.74', 'units': '22.46'}, {'instrument_for_verification': 'DASHUSD.std', 'order_no': '-0.17', 'type': '0.01', 'profit_loss': '0.1', 'size': '22.44', 'units': '20.76'}, {'instrument_for_verification': 'DASHUSD.std', 'order_no': '-0.17', 'type': '0.01', 'profit_loss': '0.1', 'size': '20.74', 'units': '22.46'}, {'instrument_for_verification': 'DASHUSD.std', 'order_no': '-0.18', 'type': '0.01', 'profit_loss': '0.1', 'size': '20.71', 'units': '22.46'}, {'instrument_for_verification': 'DASHUSD.std', 'order_no': '-0.18', 'type': '0.01', 'profit_loss': '0.1', 'size': '20.70', 'units': '22.46'}, {'instrument_for_verification': 'DASHUSD.std', 'order_no': '-0.17', 'type': '0.01', 'profit_loss': '0.1', 'size': '20.73', 'units': '22.46'}, {'instrument_for_verification': 'DASHUSD.std', 'order_no': '-0.17', 'type': '0.01', 'profit_loss': '0.1', 'size': '20.75', 'units': '22.46'}, {'instrument_for_verification': 'DASHUSD.std', 'order_no': '-0.17', 'type': '0.01', 'profit_loss': '0.1', 'size': '22.44', 'units': '20.76'}]
2025-06-08 02:53:41,513 - INFO - Screenshot saved to screenshots\sell_order_verification_failed_in_table_20250608-025341.png
2025-06-08 02:53:41,514 - WARNING - Notification was seen, but order not in table. Potential UI/backend sync issue.
2025-06-08 02:53:41,514 - ERROR - Sell order placement or verification failed.
2025-06-08 02:53:45,063 - INFO - Navigated to Open Positions tab
2025-06-08 02:53:45,178 - INFO - Screenshot saved to screenshots\navigated_to_positions_tab_20250608-025345.png
2025-06-08 02:53:45,725 - INFO - Navigated to Open Positions tab
2025-06-08 02:53:45,836 - INFO - Screenshot saved to screenshots\navigated_to_positions_tab_20250608-025345.png
2025-06-08 02:53:45,856 - INFO - Found 26 row elements in 'Open Positions' table body for parsing.
2025-06-08 02:53:45,885 - INFO - Parsed position (row 1): {'instrument_for_verification': 'DASHUSD.std', 'order_no': '-0.17', 'type': '0.01', 'profit_loss': '0.1', 'size': '20.76', 'units': '22.46'}
2025-06-08 02:53:45,911 - INFO - Parsed position (row 2): {'instrument_for_verification': 'DASHUSD.std', 'order_no': '-0.17', 'type': '0.01', 'profit_loss': '0.1', 'size': '22.46', 'units': '20.76'}
2025-06-08 02:53:45,938 - INFO - Parsed position (row 3): {'instrument_for_verification': 'DASHUSD.std', 'order_no': '-0.17', 'type': '0.01', 'profit_loss': '0.1', 'size': '20.79', 'units': '22.46'}
2025-06-08 02:53:45,968 - INFO - Parsed position (row 4): {'instrument_for_verification': 'DASHUSD.std', 'order_no': '-0.17', 'type': '0.01', 'profit_loss': '0.1', 'size': '22.46', 'units': '20.76'}
2025-06-08 02:53:45,995 - INFO - Parsed position (row 5): {'instrument_for_verification': 'DASHUSD.std', 'order_no': '-0.17', 'type': '0.01', 'profit_loss': '0.1', 'size': '20.77', 'units': '22.46'}
2025-06-08 02:53:46,024 - INFO - Parsed position (row 6): {'instrument_for_verification': 'DASHUSD.std', 'order_no': '-0.17', 'type': '0.01', 'profit_loss': '0.1', 'size': '22.45', 'units': '20.76'}
2025-06-08 02:53:46,051 - INFO - Parsed position (row 7): {'instrument_for_verification': 'DASHUSD.std', 'order_no': '-0.17', 'type': '0.01', 'profit_loss': '0.1', 'size': '20.78', 'units': '22.46'}
2025-06-08 02:53:46,078 - INFO - Parsed position (row 8): {'instrument_for_verification': 'DASHUSD.std', 'order_no': '-0.17', 'type': '0.01', 'profit_loss': '0.1', 'size': '22.47', 'units': '20.76'}
2025-06-08 02:53:46,106 - INFO - Parsed position (row 9): {'instrument_for_verification': 'DASHUSD.std', 'order_no': '-0.17', 'type': '0.01', 'profit_loss': '0.1', 'size': '20.75', 'units': '22.46'}
2025-06-08 02:53:46,133 - INFO - Parsed position (row 10): {'instrument_for_verification': 'DASHUSD.std', 'order_no': '-0.17', 'type': '0.01', 'profit_loss': '0.1', 'size': '22.45', 'units': '20.76'}
2025-06-08 02:53:46,160 - INFO - Parsed position (row 11): {'instrument_for_verification': 'DASHUSD.std', 'order_no': '-0.17', 'type': '0.01', 'profit_loss': '0.1', 'size': '20.79', 'units': '22.46'}
2025-06-08 02:53:46,189 - INFO - Parsed position (row 12): {'instrument_for_verification': 'DASHUSD.std', 'order_no': '-0.17', 'type': '0.01', 'profit_loss': '0.1', 'size': '22.50', 'units': '20.76'}
2025-06-08 02:53:46,216 - INFO - Parsed position (row 13): {'instrument_for_verification': 'DASHUSD.std', 'order_no': '-0.17', 'type': '0.01', 'profit_loss': '0.1', 'size': '20.79', 'units': '22.46'}
2025-06-08 02:53:46,243 - INFO - Parsed position (row 14): {'instrument_for_verification': 'DASHUSD.std', 'order_no': '-0.17', 'type': '0.01', 'profit_loss': '0.1', 'size': '22.48', 'units': '20.76'}
2025-06-08 02:53:46,270 - INFO - Parsed position (row 15): {'instrument_for_verification': 'DASHUSD.std', 'order_no': '-0.17', 'type': '0.01', 'profit_loss': '0.1', 'size': '20.76', 'units': '22.46'}
2025-06-08 02:53:46,297 - INFO - Parsed position (row 16): {'instrument_for_verification': 'DASHUSD.std', 'order_no': '-0.17', 'type': '0.01', 'profit_loss': '0.1', 'size': '22.45', 'units': '20.76'}
2025-06-08 02:53:46,324 - INFO - Parsed position (row 17): {'instrument_for_verification': 'DASHUSD.std', 'order_no': '-0.17', 'type': '0.01', 'profit_loss': '0.1', 'size': '20.76', 'units': '22.46'}
2025-06-08 02:53:46,351 - INFO - Parsed position (row 18): {'instrument_for_verification': 'DASHUSD.std', 'order_no': '-0.17', 'type': '0.01', 'profit_loss': '0.1', 'size': '22.45', 'units': '20.76'}
2025-06-08 02:53:46,380 - INFO - Parsed position (row 19): {'instrument_for_verification': 'DASHUSD.std', 'order_no': '-0.17', 'type': '0.01', 'profit_loss': '0.1', 'size': '20.74', 'units': '22.46'}
2025-06-08 02:53:46,409 - INFO - Parsed position (row 20): {'instrument_for_verification': 'DASHUSD.std', 'order_no': '-0.17', 'type': '0.01', 'profit_loss': '0.1', 'size': '22.44', 'units': '20.76'}
2025-06-08 02:53:46,439 - INFO - Parsed position (row 21): {'instrument_for_verification': 'DASHUSD.std', 'order_no': '-0.17', 'type': '0.01', 'profit_loss': '0.1', 'size': '20.74', 'units': '22.46'}
2025-06-08 02:53:46,466 - INFO - Parsed position (row 22): {'instrument_for_verification': 'DASHUSD.std', 'order_no': '-0.18', 'type': '0.01', 'profit_loss': '0.1', 'size': '20.71', 'units': '22.46'}
2025-06-08 02:53:46,494 - INFO - Parsed position (row 23): {'instrument_for_verification': 'DASHUSD.std', 'order_no': '-0.18', 'type': '0.01', 'profit_loss': '0.1', 'size': '20.70', 'units': '22.46'}
2025-06-08 02:53:46,521 - INFO - Parsed position (row 24): {'instrument_for_verification': 'DASHUSD.std', 'order_no': '-0.17', 'type': '0.01', 'profit_loss': '0.1', 'size': '20.73', 'units': '22.46'}
2025-06-08 02:53:46,549 - INFO - Parsed position (row 25): {'instrument_for_verification': 'DASHUSD.std', 'order_no': '-0.17', 'type': '0.01', 'profit_loss': '0.1', 'size': '20.75', 'units': '22.46'}
2025-06-08 02:53:46,577 - INFO - Parsed position (row 26): {'instrument_for_verification': 'DASHUSD.std', 'order_no': '-0.17', 'type': '0.01', 'profit_loss': '0.1', 'size': '22.44', 'units': '20.76'}
2025-06-08 02:53:46,577 - INFO - Successfully parsed 26 open positions from table.
2025-06-08 02:53:46,682 - INFO - Screenshot saved to screenshots\open_positions_parsed_final_state_20250608-025346.png
2025-06-08 02:53:46,682 - INFO - Positions before closing: [{'instrument_for_verification': 'DASHUSD.std', 'order_no': '-0.17', 'type': '0.01', 'profit_loss': '0.1', 'size': '20.76', 'units': '22.46'}, {'instrument_for_verification': 'DASHUSD.std', 'order_no': '-0.17', 'type': '0.01', 'profit_loss': '0.1', 'size': '22.46', 'units': '20.76'}, {'instrument_for_verification': 'DASHUSD.std', 'order_no': '-0.17', 'type': '0.01', 'profit_loss': '0.1', 'size': '20.79', 'units': '22.46'}, {'instrument_for_verification': 'DASHUSD.std', 'order_no': '-0.17', 'type': '0.01', 'profit_loss': '0.1', 'size': '22.46', 'units': '20.76'}, {'instrument_for_verification': 'DASHUSD.std', 'order_no': '-0.17', 'type': '0.01', 'profit_loss': '0.1', 'size': '20.77', 'units': '22.46'}, {'instrument_for_verification': 'DASHUSD.std', 'order_no': '-0.17', 'type': '0.01', 'profit_loss': '0.1', 'size': '22.45', 'units': '20.76'}, {'instrument_for_verification': 'DASHUSD.std', 'order_no': '-0.17', 'type': '0.01', 'profit_loss': '0.1', 'size': '20.78', 'units': '22.46'}, {'instrument_for_verification': 'DASHUSD.std', 'order_no': '-0.17', 'type': '0.01', 'profit_loss': '0.1', 'size': '22.47', 'units': '20.76'}, {'instrument_for_verification': 'DASHUSD.std', 'order_no': '-0.17', 'type': '0.01', 'profit_loss': '0.1', 'size': '20.75', 'units': '22.46'}, {'instrument_for_verification': 'DASHUSD.std', 'order_no': '-0.17', 'type': '0.01', 'profit_loss': '0.1', 'size': '22.45', 'units': '20.76'}, {'instrument_for_verification': 'DASHUSD.std', 'order_no': '-0.17', 'type': '0.01', 'profit_loss': '0.1', 'size': '20.79', 'units': '22.46'}, {'instrument_for_verification': 'DASHUSD.std', 'order_no': '-0.17', 'type': '0.01', 'profit_loss': '0.1', 'size': '22.50', 'units': '20.76'}, {'instrument_for_verification': 'DASHUSD.std', 'order_no': '-0.17', 'type': '0.01', 'profit_loss': '0.1', 'size': '20.79', 'units': '22.46'}, {'instrument_for_verification': 'DASHUSD.std', 'order_no': '-0.17', 'type': '0.01', 'profit_loss': '0.1', 'size': '22.48', 'units': '20.76'}, {'instrument_for_verification': 'DASHUSD.std', 'order_no': '-0.17', 'type': '0.01', 'profit_loss': '0.1', 'size': '20.76', 'units': '22.46'}, {'instrument_for_verification': 'DASHUSD.std', 'order_no': '-0.17', 'type': '0.01', 'profit_loss': '0.1', 'size': '22.45', 'units': '20.76'}, {'instrument_for_verification': 'DASHUSD.std', 'order_no': '-0.17', 'type': '0.01', 'profit_loss': '0.1', 'size': '20.76', 'units': '22.46'}, {'instrument_for_verification': 'DASHUSD.std', 'order_no': '-0.17', 'type': '0.01', 'profit_loss': '0.1', 'size': '22.45', 'units': '20.76'}, {'instrument_for_verification': 'DASHUSD.std', 'order_no': '-0.17', 'type': '0.01', 'profit_loss': '0.1', 'size': '20.74', 'units': '22.46'}, {'instrument_for_verification': 'DASHUSD.std', 'order_no': '-0.17', 'type': '0.01', 'profit_loss': '0.1', 'size': '22.44', 'units': '20.76'}, {'instrument_for_verification': 'DASHUSD.std', 'order_no': '-0.17', 'type': '0.01', 'profit_loss': '0.1', 'size': '20.74', 'units': '22.46'}, {'instrument_for_verification': 'DASHUSD.std', 'order_no': '-0.18', 'type': '0.01', 'profit_loss': '0.1', 'size': '20.71', 'units': '22.46'}, {'instrument_for_verification': 'DASHUSD.std', 'order_no': '-0.18', 'type': '0.01', 'profit_loss': '0.1', 'size': '20.70', 'units': '22.46'}, {'instrument_for_verification': 'DASHUSD.std', 'order_no': '-0.17', 'type': '0.01', 'profit_loss': '0.1', 'size': '20.73', 'units': '22.46'}, {'instrument_for_verification': 'DASHUSD.std', 'order_no': '-0.17', 'type': '0.01', 'profit_loss': '0.1', 'size': '20.75', 'units': '22.46'}, {'instrument_for_verification': 'DASHUSD.std', 'order_no': '-0.17', 'type': '0.01', 'profit_loss': '0.1', 'size': '22.44', 'units': '20.76'}]
2025-06-08 02:53:46,684 - INFO - --- Starting Bulk Close Test (26 positions) ---
2025-06-08 02:53:47,233 - INFO - Navigated to Open Positions tab
2025-06-08 02:53:47,347 - INFO - Screenshot saved to screenshots\navigated_to_positions_tab_20250608-025347.png
2025-06-08 02:53:48,447 - INFO - Screenshot saved to screenshots\before_bulk_close_20250608-025348.png
2025-06-08 02:54:08,677 - ERROR - Timeout waiting for element: xpath=//table[@data-testid='asset-open-table']//thead//input[@type='checkbox']
2025-06-08 02:54:08,780 - INFO - Screenshot saved to screenshots\element_timeout___table[@data-testid='asset-open-table']__thead__input[@type='checkbox']_20250608-025408.png
2025-06-08 02:54:08,780 - WARNING - 'Select All' checkbox not found. Trying to select individual position checkboxes.
2025-06-08 02:54:08,787 - WARNING - No individual checkboxes found for positions after 'Select All' failed. Attempting individual close.
2025-06-08 02:54:08,787 - INFO - Attempting to close all open positions individually.
2025-06-08 02:54:09,333 - INFO - Navigated to Open Positions tab
2025-06-08 02:54:09,449 - INFO - Screenshot saved to screenshots\navigated_to_positions_tab_20250608-025409.png
2025-06-08 02:54:10,456 - INFO - No 'Close' buttons found. Assuming all positions are closed.
2025-06-08 02:54:10,557 - INFO - Screenshot saved to screenshots\all_positions_closed_individually_20250608-025410.png
2025-06-08 02:54:10,558 - INFO - Bulk close positions test completed.
2025-06-08 02:54:10,558 - ERROR - One or more tests failed. Check logs and screenshots.
2025-06-08 02:54:10,664 - INFO - Screenshot saved to screenshots\test_script_finish_state_20250608-025410.png
2025-06-08 02:54:15,925 - INFO - WebDriver closed successfully.
